{"C:\\Users\\Mim. Can Sancar\\Desktop\\innovatepam-portal\\backend\\src\\app.js": {"path":"C:\\Users\\Mim. Can Sancar\\Desktop\\innovatepam-portal\\backend\\src\\app.js","statementMap":{"0":{"start":{"line":3,"column":16},"end":{"line":3,"column":34}},"1":{"start":{"line":4,"column":13},"end":{"line":4,"column":28}},"2":{"start":{"line":5,"column":21},"end":{"line":5,"column":45}},"3":{"start":{"line":6,"column":13},"end":{"line":6,"column":28}},"4":{"start":{"line":7,"column":15},"end":{"line":7,"column":34}},"5":{"start":{"line":8,"column":21},"end":{"line":8,"column":57}},"6":{"start":{"line":10,"column":12},"end":{"line":10,"column":21}},"7":{"start":{"line":13,"column":0},"end":{"line":20,"column":1}},"8":{"start":{"line":23,"column":0},"end":{"line":23,"column":23}},"9":{"start":{"line":24,"column":0},"end":{"line":24,"column":47}},"10":{"start":{"line":25,"column":0},"end":{"line":25,"column":23}},"11":{"start":{"line":28,"column":0},"end":{"line":28,"column":56}},"12":{"start":{"line":31,"column":0},"end":{"line":31,"column":65}},"13":{"start":{"line":31,"column":38},"end":{"line":31,"column":64}},"14":{"start":{"line":34,"column":19},"end":{"line":34,"column":43}},"15":{"start":{"line":35,"column":0},"end":{"line":35,"column":32}},"16":{"start":{"line":40,"column":0},"end":{"line":42,"column":2}},"17":{"start":{"line":41,"column":2},"end":{"line":41,"column":53}},"18":{"start":{"line":45,"column":0},"end":{"line":45,"column":21}},"19":{"start":{"line":47,"column":0},"end":{"line":47,"column":20}}},"fnMap":{"0":{"name":"(anonymous_0)","decl":{"start":{"line":31,"column":23},"end":{"line":31,"column":24}},"loc":{"start":{"line":31,"column":38},"end":{"line":31,"column":64}},"line":31},"1":{"name":"(anonymous_1)","decl":{"start":{"line":40,"column":8},"end":{"line":40,"column":9}},"loc":{"start":{"line":40,"column":23},"end":{"line":42,"column":1}},"line":40}},"branchMap":{},"s":{"0":2,"1":2,"2":2,"3":2,"4":2,"5":2,"6":2,"7":2,"8":2,"9":2,"10":2,"11":2,"12":2,"13":1,"14":2,"15":2,"16":2,"17":1,"18":2,"19":2},"f":{"0":1,"1":1},"b":{},"_coverageSchema":"1a1c01bbd47fc00a2c39e90264f33305004495a9","hash":"f16b35fa17982a11024fe011815b667940896973"}
,"C:\\Users\\Mim. Can Sancar\\Desktop\\innovatepam-portal\\backend\\src\\config.js": {"path":"C:\\Users\\Mim. Can Sancar\\Desktop\\innovatepam-portal\\backend\\src\\config.js","statementMap":{"0":{"start":{"line":3,"column":0},"end":{"line":3,"column":26}},"1":{"start":{"line":5,"column":22},"end":{"line":5,"column":36}},"2":{"start":{"line":7,"column":0},"end":{"line":11,"column":1}},"3":{"start":{"line":8,"column":2},"end":{"line":10,"column":3}},"4":{"start":{"line":9,"column":4},"end":{"line":9,"column":68}},"5":{"start":{"line":13,"column":13},"end":{"line":13,"column":28}},"6":{"start":{"line":15,"column":15},"end":{"line":26,"column":1}},"7":{"start":{"line":28,"column":0},"end":{"line":28,"column":23}}},"fnMap":{},"branchMap":{"0":{"loc":{"start":{"line":8,"column":2},"end":{"line":10,"column":3}},"type":"if","locations":[{"start":{"line":8,"column":2},"end":{"line":10,"column":3}},{"start":{},"end":{}}],"line":8},"1":{"loc":{"start":{"line":16,"column":17},"end":{"line":16,"column":43}},"type":"binary-expr","locations":[{"start":{"line":16,"column":17},"end":{"line":16,"column":33}},{"start":{"line":16,"column":37},"end":{"line":16,"column":43}}],"line":16},"2":{"loc":{"start":{"line":18,"column":11},"end":{"line":20,"column":50}},"type":"cond-expr","locations":[{"start":{"line":19,"column":6},"end":{"line":19,"column":39}},{"start":{"line":20,"column":6},"end":{"line":20,"column":50}}],"line":18},"3":{"loc":{"start":{"line":21,"column":16},"end":{"line":23,"column":43}},"type":"cond-expr","locations":[{"start":{"line":22,"column":6},"end":{"line":22,"column":44}},{"start":{"line":23,"column":6},"end":{"line":23,"column":43}}],"line":21},"4":{"loc":{"start":{"line":24,"column":12},"end":{"line":24,"column":49}},"type":"binary-expr","locations":[{"start":{"line":24,"column":12},"end":{"line":24,"column":32}},{"start":{"line":24,"column":36},"end":{"line":24,"column":49}}],"line":24},"5":{"loc":{"start":{"line":25,"column":15},"end":{"line":25,"column":65}},"type":"binary-expr","locations":[{"start":{"line":25,"column":15},"end":{"line":25,"column":38}},{"start":{"line":25,"column":42},"end":{"line":25,"column":65}}],"line":25}},"s":{"0":4,"1":4,"2":4,"3":4,"4":0,"5":4,"6":4,"7":4},"f":{},"b":{"0":[0,4],"1":[4,0],"2":[4,0],"3":[4,0],"4":[4,0],"5":[4,0]},"_coverageSchema":"1a1c01bbd47fc00a2c39e90264f33305004495a9","hash":"5f86def72c890e96cd7b3c8827d32c924a0f77ee"}
,"C:\\Users\\Mim. Can Sancar\\Desktop\\innovatepam-portal\\backend\\src\\db\\database.js": {"path":"C:\\Users\\Mim. Can Sancar\\Desktop\\innovatepam-portal\\backend\\src\\db\\database.js","statementMap":{"0":{"start":{"line":3,"column":21},"end":{"line":3,"column":49}},"1":{"start":{"line":4,"column":13},"end":{"line":4,"column":28}},"2":{"start":{"line":5,"column":11},"end":{"line":5,"column":24}},"3":{"start":{"line":6,"column":15},"end":{"line":6,"column":35}},"4":{"start":{"line":16,"column":2},"end":{"line":29,"column":3}},"5":{"start":{"line":18,"column":16},"end":{"line":18,"column":44}},"6":{"start":{"line":19,"column":4},"end":{"line":21,"column":5}},"7":{"start":{"line":20,"column":6},"end":{"line":20,"column":44}},"8":{"start":{"line":22,"column":4},"end":{"line":22,"column":37}},"9":{"start":{"line":25,"column":4},"end":{"line":27,"column":5}},"10":{"start":{"line":26,"column":6},"end":{"line":26,"column":42}},"11":{"start":{"line":28,"column":4},"end":{"line":28,"column":39}},"12":{"start":{"line":30,"column":2},"end":{"line":30,"column":11}},"13":{"start":{"line":37,"column":2},"end":{"line":42,"column":3}},"14":{"start":{"line":39,"column":4},"end":{"line":39,"column":77}},"15":{"start":{"line":39,"column":10},"end":{"line":39,"column":52}},"16":{"start":{"line":40,"column":4},"end":{"line":40,"column":45}},"17":{"start":{"line":40,"column":10},"end":{"line":40,"column":20}},"18":{"start":{"line":41,"column":4},"end":{"line":41,"column":13}},"19":{"start":{"line":45,"column":0},"end":{"line":45,"column":35}}},"fnMap":{"0":{"name":"getDb","decl":{"start":{"line":15,"column":9},"end":{"line":15,"column":14}},"loc":{"start":{"line":15,"column":17},"end":{"line":31,"column":1}},"line":15},"1":{"name":"closeDb","decl":{"start":{"line":36,"column":9},"end":{"line":36,"column":16}},"loc":{"start":{"line":36,"column":19},"end":{"line":43,"column":1}},"line":36}},"branchMap":{"0":{"loc":{"start":{"line":16,"column":2},"end":{"line":29,"column":3}},"type":"if","locations":[{"start":{"line":16,"column":2},"end":{"line":29,"column":3}},{"start":{},"end":{}}],"line":16},"1":{"loc":{"start":{"line":19,"column":4},"end":{"line":21,"column":5}},"type":"if","locations":[{"start":{"line":19,"column":4},"end":{"line":21,"column":5}},{"start":{},"end":{}}],"line":19},"2":{"loc":{"start":{"line":25,"column":4},"end":{"line":27,"column":5}},"type":"if","locations":[{"start":{"line":25,"column":4},"end":{"line":27,"column":5}},{"start":{},"end":{}}],"line":25},"3":{"loc":{"start":{"line":37,"column":2},"end":{"line":42,"column":3}},"type":"if","locations":[{"start":{"line":37,"column":2},"end":{"line":42,"column":3}},{"start":{},"end":{}}],"line":37}},"s":{"0":4,"1":4,"2":4,"3":4,"4":171,"5":3,"6":3,"7":0,"8":3,"9":3,"10":0,"11":3,"12":171,"13":3,"14":3,"15":3,"16":3,"17":3,"18":3,"19":4},"f":{"0":171,"1":3},"b":{"0":[3,168],"1":[0,3],"2":[0,3],"3":[3,0]},"_coverageSchema":"1a1c01bbd47fc00a2c39e90264f33305004495a9","hash":"821cf146da82f07cd835fc7eae273740ca1f7ba1"}
,"C:\\Users\\Mim. Can Sancar\\Desktop\\innovatepam-portal\\backend\\src\\db\\migrate.js": {"path":"C:\\Users\\Mim. Can Sancar\\Desktop\\innovatepam-portal\\backend\\src\\db\\migrate.js","statementMap":{"0":{"start":{"line":3,"column":11},"end":{"line":3,"column":24}},"1":{"start":{"line":4,"column":13},"end":{"line":4,"column":28}},"2":{"start":{"line":5,"column":18},"end":{"line":5,"column":39}},"3":{"start":{"line":7,"column":23},"end":{"line":7,"column":57}},"4":{"start":{"line":14,"column":13},"end":{"line":14,"column":20}},"5":{"start":{"line":17,"column":2},"end":{"line":22,"column":4}},"6":{"start":{"line":24,"column":18},"end":{"line":26,"column":3}},"7":{"start":{"line":25,"column":73},"end":{"line":25,"column":82}},"8":{"start":{"line":28,"column":16},"end":{"line":31,"column":11}},"9":{"start":{"line":30,"column":17},"end":{"line":30,"column":42}},"10":{"start":{"line":33,"column":2},"end":{"line":41,"column":3}},"11":{"start":{"line":34,"column":20},"end":{"line":34,"column":50}},"12":{"start":{"line":35,"column":4},"end":{"line":35,"column":38}},"13":{"start":{"line":35,"column":30},"end":{"line":35,"column":38}},"14":{"start":{"line":37,"column":16},"end":{"line":37,"column":72}},"15":{"start":{"line":38,"column":4},"end":{"line":38,"column":16}},"16":{"start":{"line":39,"column":4},"end":{"line":39,"column":83}},"17":{"start":{"line":40,"column":4},"end":{"line":40,"column":55}},"18":{"start":{"line":43,"column":2},"end":{"line":43,"column":57}},"19":{"start":{"line":46,"column":0},"end":{"line":46,"column":34}}},"fnMap":{"0":{"name":"runMigrations","decl":{"start":{"line":13,"column":9},"end":{"line":13,"column":22}},"loc":{"start":{"line":13,"column":25},"end":{"line":44,"column":1}},"line":13},"1":{"name":"(anonymous_1)","decl":{"start":{"line":25,"column":68},"end":{"line":25,"column":69}},"loc":{"start":{"line":25,"column":73},"end":{"line":25,"column":82}},"line":25},"2":{"name":"(anonymous_2)","decl":{"start":{"line":30,"column":12},"end":{"line":30,"column":13}},"loc":{"start":{"line":30,"column":17},"end":{"line":30,"column":42}},"line":30}},"branchMap":{"0":{"loc":{"start":{"line":35,"column":4},"end":{"line":35,"column":38}},"type":"if","locations":[{"start":{"line":35,"column":4},"end":{"line":35,"column":38}},{"start":{},"end":{}}],"line":35}},"s":{"0":3,"1":3,"2":3,"3":3,"4":3,"5":3,"6":3,"7":0,"8":3,"9":6,"10":3,"11":3,"12":3,"13":0,"14":3,"15":3,"16":3,"17":3,"18":3,"19":3},"f":{"0":3,"1":0,"2":6},"b":{"0":[0,3]},"_coverageSchema":"1a1c01bbd47fc00a2c39e90264f33305004495a9","hash":"63f508799e3efb7cfe66535c03405bb4683ed7ec"}
,"C:\\Users\\Mim. Can Sancar\\Desktop\\innovatepam-portal\\backend\\src\\middleware\\authenticate.js": {"path":"C:\\Users\\Mim. Can Sancar\\Desktop\\innovatepam-portal\\backend\\src\\middleware\\authenticate.js","statementMap":{"0":{"start":{"line":3,"column":24},"end":{"line":3,"column":47}},"1":{"start":{"line":12,"column":2},"end":{"line":23,"column":3}},"2":{"start":{"line":13,"column":18},"end":{"line":13,"column":36}},"3":{"start":{"line":14,"column":4},"end":{"line":16,"column":5}},"4":{"start":{"line":15,"column":6},"end":{"line":15,"column":72}},"5":{"start":{"line":18,"column":20},"end":{"line":18,"column":38}},"6":{"start":{"line":19,"column":4},"end":{"line":19,"column":22}},"7":{"start":{"line":20,"column":4},"end":{"line":20,"column":10}},"8":{"start":{"line":22,"column":4},"end":{"line":22,"column":94}},"9":{"start":{"line":26,"column":0},"end":{"line":26,"column":29}}},"fnMap":{"0":{"name":"authenticate","decl":{"start":{"line":11,"column":9},"end":{"line":11,"column":21}},"loc":{"start":{"line":11,"column":38},"end":{"line":24,"column":1}},"line":11}},"branchMap":{"0":{"loc":{"start":{"line":14,"column":4},"end":{"line":16,"column":5}},"type":"if","locations":[{"start":{"line":14,"column":4},"end":{"line":16,"column":5}},{"start":{},"end":{}}],"line":14}},"s":{"0":2,"1":5,"2":5,"3":5,"4":2,"5":3,"6":1,"7":1,"8":2,"9":2},"f":{"0":5},"b":{"0":[2,3]},"_coverageSchema":"1a1c01bbd47fc00a2c39e90264f33305004495a9","hash":"4db5dd045573d6810d268f240556ab9fbc1429f5"}
,"C:\\Users\\Mim. Can Sancar\\Desktop\\innovatepam-portal\\backend\\src\\middleware\\errorHandler.js": {"path":"C:\\Users\\Mim. Can Sancar\\Desktop\\innovatepam-portal\\backend\\src\\middleware\\errorHandler.js","statementMap":{"0":{"start":{"line":14,"column":2},"end":{"line":16,"column":3}},"1":{"start":{"line":15,"column":4},"end":{"line":15,"column":52}},"2":{"start":{"line":19,"column":2},"end":{"line":21,"column":3}},"3":{"start":{"line":20,"column":4},"end":{"line":20,"column":80}},"4":{"start":{"line":24,"column":2},"end":{"line":26,"column":3}},"5":{"start":{"line":25,"column":4},"end":{"line":25,"column":68}},"6":{"start":{"line":28,"column":17},"end":{"line":28,"column":66}},"7":{"start":{"line":30,"column":4},"end":{"line":32,"column":70}},"8":{"start":{"line":34,"column":2},"end":{"line":34,"column":52}},"9":{"start":{"line":37,"column":0},"end":{"line":37,"column":29}}},"fnMap":{"0":{"name":"errorHandler","decl":{"start":{"line":13,"column":9},"end":{"line":13,"column":21}},"loc":{"start":{"line":13,"column":45},"end":{"line":35,"column":1}},"line":13}},"branchMap":{"0":{"loc":{"start":{"line":14,"column":2},"end":{"line":16,"column":3}},"type":"if","locations":[{"start":{"line":14,"column":2},"end":{"line":16,"column":3}},{"start":{},"end":{}}],"line":14},"1":{"loc":{"start":{"line":19,"column":2},"end":{"line":21,"column":3}},"type":"if","locations":[{"start":{"line":19,"column":2},"end":{"line":21,"column":3}},{"start":{},"end":{}}],"line":19},"2":{"loc":{"start":{"line":24,"column":2},"end":{"line":26,"column":3}},"type":"if","locations":[{"start":{"line":24,"column":2},"end":{"line":26,"column":3}},{"start":{},"end":{}}],"line":24},"3":{"loc":{"start":{"line":28,"column":17},"end":{"line":28,"column":66}},"type":"cond-expr","locations":[{"start":{"line":28,"column":50},"end":{"line":28,"column":60}},{"start":{"line":28,"column":63},"end":{"line":28,"column":66}}],"line":28},"4":{"loc":{"start":{"line":30,"column":4},"end":{"line":32,"column":70}},"type":"cond-expr","locations":[{"start":{"line":31,"column":8},"end":{"line":31,"column":19}},{"start":{"line":32,"column":8},"end":{"line":32,"column":70}}],"line":30}},"s":{"0":13,"1":0,"2":13,"3":1,"4":12,"5":1,"6":11,"7":11,"8":11,"9":2},"f":{"0":13},"b":{"0":[0,13],"1":[1,12],"2":[1,11],"3":[10,1],"4":[10,1]},"_coverageSchema":"1a1c01bbd47fc00a2c39e90264f33305004495a9","hash":"e661e13a66fa2fe8cd377b3a46f57ea7474d6e23"}
,"C:\\Users\\Mim. Can Sancar\\Desktop\\innovatepam-portal\\backend\\src\\middleware\\requireRole.js": {"path":"C:\\Users\\Mim. Can Sancar\\Desktop\\innovatepam-portal\\backend\\src\\middleware\\requireRole.js","statementMap":{"0":{"start":{"line":11,"column":2},"end":{"line":19,"column":3}},"1":{"start":{"line":12,"column":4},"end":{"line":14,"column":5}},"2":{"start":{"line":13,"column":6},"end":{"line":13,"column":72}},"3":{"start":{"line":15,"column":4},"end":{"line":17,"column":5}},"4":{"start":{"line":16,"column":6},"end":{"line":16,"column":98}},"5":{"start":{"line":18,"column":4},"end":{"line":18,"column":10}},"6":{"start":{"line":22,"column":0},"end":{"line":22,"column":28}}},"fnMap":{"0":{"name":"requireRole","decl":{"start":{"line":10,"column":9},"end":{"line":10,"column":20}},"loc":{"start":{"line":10,"column":27},"end":{"line":20,"column":1}},"line":10},"1":{"name":"roleGuard","decl":{"start":{"line":11,"column":18},"end":{"line":11,"column":27}},"loc":{"start":{"line":11,"column":44},"end":{"line":19,"column":3}},"line":11}},"branchMap":{"0":{"loc":{"start":{"line":12,"column":4},"end":{"line":14,"column":5}},"type":"if","locations":[{"start":{"line":12,"column":4},"end":{"line":14,"column":5}},{"start":{},"end":{}}],"line":12},"1":{"loc":{"start":{"line":15,"column":4},"end":{"line":17,"column":5}},"type":"if","locations":[{"start":{"line":15,"column":4},"end":{"line":17,"column":5}},{"start":{},"end":{}}],"line":15}},"s":{"0":4,"1":4,"2":1,"3":3,"4":1,"5":2,"6":1},"f":{"0":4,"1":4},"b":{"0":[1,3],"1":[1,2]},"_coverageSchema":"1a1c01bbd47fc00a2c39e90264f33305004495a9","hash":"f7b049ab0920ec3b4022e2fdca348b9a415ac045"}
,"C:\\Users\\Mim. Can Sancar\\Desktop\\innovatepam-portal\\backend\\src\\repositories\\userRepository.js": {"path":"C:\\Users\\Mim. Can Sancar\\Desktop\\innovatepam-portal\\backend\\src\\repositories\\userRepository.js","statementMap":{"0":{"start":{"line":3,"column":18},"end":{"line":3,"column":43}},"1":{"start":{"line":11,"column":2},"end":{"line":11,"column":76}},"2":{"start":{"line":20,"column":2},"end":{"line":22,"column":14}},"3":{"start":{"line":31,"column":13},"end":{"line":31,"column":20}},"4":{"start":{"line":32,"column":15},"end":{"line":34,"column":3}},"5":{"start":{"line":35,"column":17},"end":{"line":35,"column":50}},"6":{"start":{"line":36,"column":2},"end":{"line":36,"column":41}},"7":{"start":{"line":39,"column":0},"end":{"line":39,"column":54}}},"fnMap":{"0":{"name":"findByEmail","decl":{"start":{"line":10,"column":9},"end":{"line":10,"column":20}},"loc":{"start":{"line":10,"column":28},"end":{"line":12,"column":1}},"line":10},"1":{"name":"findById","decl":{"start":{"line":19,"column":9},"end":{"line":19,"column":17}},"loc":{"start":{"line":19,"column":22},"end":{"line":23,"column":1}},"line":19},"2":{"name":"createUser","decl":{"start":{"line":30,"column":9},"end":{"line":30,"column":19}},"loc":{"start":{"line":30,"column":61},"end":{"line":37,"column":1}},"line":30}},"branchMap":{"0":{"loc":{"start":{"line":30,"column":39},"end":{"line":30,"column":57}},"type":"default-arg","locations":[{"start":{"line":30,"column":46},"end":{"line":30,"column":57}}],"line":30}},"s":{"0":4,"1":44,"2":37,"3":35,"4":35,"5":35,"6":34,"7":4},"f":{"0":44,"1":37,"2":35},"b":{"0":[33]},"_coverageSchema":"1a1c01bbd47fc00a2c39e90264f33305004495a9","hash":"96bd42688f67d674bb0f70f41e2d558bea81b35f"}
,"C:\\Users\\Mim. Can Sancar\\Desktop\\innovatepam-portal\\backend\\src\\routes\\auth.js": {"path":"C:\\Users\\Mim. Can Sancar\\Desktop\\innovatepam-portal\\backend\\src\\routes\\auth.js","statementMap":{"0":{"start":{"line":3,"column":19},"end":{"line":3,"column":37}},"1":{"start":{"line":4,"column":28},"end":{"line":4,"column":62}},"2":{"start":{"line":5,"column":21},"end":{"line":5,"column":58}},"3":{"start":{"line":6,"column":21},"end":{"line":6,"column":62}},"4":{"start":{"line":8,"column":15},"end":{"line":8,"column":23}},"5":{"start":{"line":10,"column":23},"end":{"line":15,"column":1}},"6":{"start":{"line":21,"column":0},"end":{"line":30,"column":2}},"7":{"start":{"line":22,"column":2},"end":{"line":29,"column":3}},"8":{"start":{"line":23,"column":32},"end":{"line":23,"column":40}},"9":{"start":{"line":24,"column":28},"end":{"line":24,"column":59}},"10":{"start":{"line":25,"column":4},"end":{"line":25,"column":46}},"11":{"start":{"line":26,"column":4},"end":{"line":26,"column":41}},"12":{"start":{"line":28,"column":4},"end":{"line":28,"column":13}},"13":{"start":{"line":36,"column":0},"end":{"line":45,"column":2}},"14":{"start":{"line":37,"column":2},"end":{"line":44,"column":3}},"15":{"start":{"line":38,"column":32},"end":{"line":38,"column":40}},"16":{"start":{"line":39,"column":28},"end":{"line":39,"column":56}},"17":{"start":{"line":40,"column":4},"end":{"line":40,"column":46}},"18":{"start":{"line":41,"column":4},"end":{"line":41,"column":29}},"19":{"start":{"line":43,"column":4},"end":{"line":43,"column":13}},"20":{"start":{"line":51,"column":0},"end":{"line":54,"column":2}},"21":{"start":{"line":52,"column":2},"end":{"line":52,"column":63}},"22":{"start":{"line":53,"column":2},"end":{"line":53,"column":58}},"23":{"start":{"line":60,"column":0},"end":{"line":66,"column":2}},"24":{"start":{"line":61,"column":15},"end":{"line":61,"column":36}},"25":{"start":{"line":62,"column":2},"end":{"line":64,"column":3}},"26":{"start":{"line":63,"column":4},"end":{"line":63,"column":61}},"27":{"start":{"line":65,"column":2},"end":{"line":65,"column":27}},"28":{"start":{"line":68,"column":0},"end":{"line":68,"column":23}}},"fnMap":{"0":{"name":"(anonymous_0)","decl":{"start":{"line":21,"column":25},"end":{"line":21,"column":26}},"loc":{"start":{"line":21,"column":51},"end":{"line":30,"column":1}},"line":21},"1":{"name":"(anonymous_1)","decl":{"start":{"line":36,"column":22},"end":{"line":36,"column":23}},"loc":{"start":{"line":36,"column":48},"end":{"line":45,"column":1}},"line":36},"2":{"name":"(anonymous_2)","decl":{"start":{"line":51,"column":23},"end":{"line":51,"column":24}},"loc":{"start":{"line":51,"column":38},"end":{"line":54,"column":1}},"line":51},"3":{"name":"(anonymous_3)","decl":{"start":{"line":60,"column":32},"end":{"line":60,"column":33}},"loc":{"start":{"line":60,"column":46},"end":{"line":66,"column":1}},"line":60}},"branchMap":{"0":{"loc":{"start":{"line":62,"column":2},"end":{"line":64,"column":3}},"type":"if","locations":[{"start":{"line":62,"column":2},"end":{"line":64,"column":3}},{"start":{},"end":{}}],"line":62}},"s":{"0":2,"1":2,"2":2,"3":2,"4":2,"5":2,"6":2,"7":15,"8":15,"9":15,"10":10,"11":10,"12":5,"13":2,"14":5,"15":5,"16":5,"17":1,"18":1,"19":4,"20":2,"21":3,"22":3,"23":2,"24":1,"25":1,"26":0,"27":1,"28":2},"f":{"0":15,"1":5,"2":3,"3":1},"b":{"0":[0,1]},"_coverageSchema":"1a1c01bbd47fc00a2c39e90264f33305004495a9","hash":"09d7e033efde1e12eff7b42a353f402b66114e0e"}
,"C:\\Users\\Mim. Can Sancar\\Desktop\\innovatepam-portal\\backend\\src\\services\\authService.js": {"path":"C:\\Users\\Mim. Can Sancar\\Desktop\\innovatepam-portal\\backend\\src\\services\\authService.js","statementMap":{"0":{"start":{"line":3,"column":15},"end":{"line":3,"column":34}},"1":{"start":{"line":4,"column":36},"end":{"line":4,"column":77}},"2":{"start":{"line":5,"column":22},"end":{"line":5,"column":45}},"3":{"start":{"line":7,"column":22},"end":{"line":7,"column":24}},"4":{"start":{"line":8,"column":20},"end":{"line":8,"column":48}},"5":{"start":{"line":19,"column":2},"end":{"line":21,"column":3}},"6":{"start":{"line":20,"column":4},"end":{"line":20,"column":89}},"7":{"start":{"line":22,"column":2},"end":{"line":24,"column":3}},"8":{"start":{"line":23,"column":4},"end":{"line":23,"column":94}},"9":{"start":{"line":26,"column":19},"end":{"line":26,"column":51}},"10":{"start":{"line":27,"column":2},"end":{"line":29,"column":3}},"11":{"start":{"line":28,"column":4},"end":{"line":28,"column":97}},"12":{"start":{"line":31,"column":17},"end":{"line":31,"column":59}},"13":{"start":{"line":32,"column":15},"end":{"line":32,"column":75}},"14":{"start":{"line":33,"column":16},"end":{"line":33,"column":78}},"15":{"start":{"line":35,"column":2},"end":{"line":35,"column":24}},"16":{"start":{"line":47,"column":2},"end":{"line":49,"column":3}},"17":{"start":{"line":48,"column":4},"end":{"line":48,"column":87}},"18":{"start":{"line":51,"column":15},"end":{"line":51,"column":47}},"19":{"start":{"line":52,"column":2},"end":{"line":54,"column":3}},"20":{"start":{"line":53,"column":4},"end":{"line":53,"column":81}},"21":{"start":{"line":56,"column":16},"end":{"line":56,"column":61}},"22":{"start":{"line":57,"column":2},"end":{"line":59,"column":3}},"23":{"start":{"line":58,"column":4},"end":{"line":58,"column":81}},"24":{"start":{"line":61,"column":16},"end":{"line":61,"column":78}},"25":{"start":{"line":63,"column":41},"end":{"line":63,"column":45}},"26":{"start":{"line":64,"column":2},"end":{"line":64,"column":34}},"27":{"start":{"line":67,"column":0},"end":{"line":67,"column":36}}},"fnMap":{"0":{"name":"register","decl":{"start":{"line":18,"column":15},"end":{"line":18,"column":23}},"loc":{"start":{"line":18,"column":41},"end":{"line":36,"column":1}},"line":18},"1":{"name":"login","decl":{"start":{"line":46,"column":15},"end":{"line":46,"column":20}},"loc":{"start":{"line":46,"column":38},"end":{"line":65,"column":1}},"line":46}},"branchMap":{"0":{"loc":{"start":{"line":19,"column":2},"end":{"line":21,"column":3}},"type":"if","locations":[{"start":{"line":19,"column":2},"end":{"line":21,"column":3}},{"start":{},"end":{}}],"line":19},"1":{"loc":{"start":{"line":19,"column":6},"end":{"line":19,"column":40}},"type":"binary-expr","locations":[{"start":{"line":19,"column":6},"end":{"line":19,"column":12}},{"start":{"line":19,"column":16},"end":{"line":19,"column":40}}],"line":19},"2":{"loc":{"start":{"line":22,"column":2},"end":{"line":24,"column":3}},"type":"if","locations":[{"start":{"line":22,"column":2},"end":{"line":24,"column":3}},{"start":{},"end":{}}],"line":22},"3":{"loc":{"start":{"line":22,"column":6},"end":{"line":22,"column":38}},"type":"binary-expr","locations":[{"start":{"line":22,"column":6},"end":{"line":22,"column":15}},{"start":{"line":22,"column":19},"end":{"line":22,"column":38}}],"line":22},"4":{"loc":{"start":{"line":27,"column":2},"end":{"line":29,"column":3}},"type":"if","locations":[{"start":{"line":27,"column":2},"end":{"line":29,"column":3}},{"start":{},"end":{}}],"line":27},"5":{"loc":{"start":{"line":47,"column":2},"end":{"line":49,"column":3}},"type":"if","locations":[{"start":{"line":47,"column":2},"end":{"line":49,"column":3}},{"start":{},"end":{}}],"line":47},"6":{"loc":{"start":{"line":47,"column":6},"end":{"line":47,"column":25}},"type":"binary-expr","locations":[{"start":{"line":47,"column":6},"end":{"line":47,"column":12}},{"start":{"line":47,"column":16},"end":{"line":47,"column":25}}],"line":47},"7":{"loc":{"start":{"line":52,"column":2},"end":{"line":54,"column":3}},"type":"if","locations":[{"start":{"line":52,"column":2},"end":{"line":54,"column":3}},{"start":{},"end":{}}],"line":52},"8":{"loc":{"start":{"line":57,"column":2},"end":{"line":59,"column":3}},"type":"if","locations":[{"start":{"line":57,"column":2},"end":{"line":59,"column":3}},{"start":{},"end":{}}],"line":57}},"s":{"0":3,"1":3,"2":3,"3":3,"4":3,"5":37,"6":5,"7":32,"8":4,"9":28,"10":28,"11":3,"12":25,"13":25,"14":25,"15":25,"16":15,"17":4,"18":11,"19":11,"20":3,"21":8,"22":8,"23":3,"24":5,"25":5,"26":5,"27":3},"f":{"0":37,"1":15},"b":{"0":[5,32],"1":[37,35],"2":[4,28],"3":[32,30],"4":[3,25],"5":[4,11],"6":[15,13],"7":[3,8],"8":[3,5]},"_coverageSchema":"1a1c01bbd47fc00a2c39e90264f33305004495a9","hash":"cd308d07d2dd80bfbe0618b8fc706b4d6cb7da89"}
,"C:\\Users\\Mim. Can Sancar\\Desktop\\innovatepam-portal\\backend\\src\\utils\\jwt.js": {"path":"C:\\Users\\Mim. Can Sancar\\Desktop\\innovatepam-portal\\backend\\src\\utils\\jwt.js","statementMap":{"0":{"start":{"line":3,"column":12},"end":{"line":3,"column":35}},"1":{"start":{"line":4,"column":15},"end":{"line":4,"column":35}},"2":{"start":{"line":6,"column":19},"end":{"line":6,"column":23}},"3":{"start":{"line":14,"column":2},"end":{"line":14,"column":72}},"4":{"start":{"line":24,"column":2},"end":{"line":24,"column":45}},"5":{"start":{"line":27,"column":0},"end":{"line":27,"column":43}}},"fnMap":{"0":{"name":"signToken","decl":{"start":{"line":13,"column":9},"end":{"line":13,"column":18}},"loc":{"start":{"line":13,"column":28},"end":{"line":15,"column":1}},"line":13},"1":{"name":"verifyToken","decl":{"start":{"line":23,"column":9},"end":{"line":23,"column":20}},"loc":{"start":{"line":23,"column":28},"end":{"line":25,"column":1}},"line":23}},"branchMap":{},"s":{"0":3,"1":3,"2":3,"3":33,"4":6,"5":3},"f":{"0":33,"1":6},"b":{},"_coverageSchema":"1a1c01bbd47fc00a2c39e90264f33305004495a9","hash":"58ccf55aa64ed2a4ae8129128fa76806baa4ef51"}
}
