TN:
SF:src\app.js
FN:31,(anonymous_0)
FN:40,(anonymous_1)
FNF:2
FNH:2
FNDA:1,(anonymous_0)
FNDA:1,(anonymous_1)
DA:3,2
DA:4,2
DA:5,2
DA:6,2
DA:7,2
DA:8,2
DA:10,2
DA:13,2
DA:23,2
DA:24,2
DA:25,2
DA:28,2
DA:31,2
DA:34,2
DA:35,2
DA:40,2
DA:41,1
DA:45,2
DA:47,2
LF:19
LH:19
BRF:0
BRH:0
end_of_record
TN:
SF:src\config.js
FNF:0
FNH:0
DA:3,4
DA:5,4
DA:7,4
DA:8,4
DA:9,0
DA:13,4
DA:15,4
DA:28,4
LF:8
LH:7
BRDA:8,0,0,0
BRDA:8,0,1,4
BRDA:16,1,0,4
BRDA:16,1,1,0
BRDA:18,2,0,4
BRDA:18,2,1,0
BRDA:21,3,0,4
BRDA:21,3,1,0
BRDA:24,4,0,4
BRDA:24,4,1,0
BRDA:25,5,0,4
BRDA:25,5,1,0
BRF:12
BRH:6
end_of_record
TN:
SF:src\db\database.js
FN:15,getDb
FN:36,closeDb
FNF:2
FNH:2
FNDA:171,getDb
FNDA:3,closeDb
DA:3,4
DA:4,4
DA:5,4
DA:6,4
DA:16,171
DA:18,3
DA:19,3
DA:20,0
DA:22,3
DA:25,3
DA:26,0
DA:28,3
DA:30,171
DA:37,3
DA:39,3
DA:40,3
DA:41,3
DA:45,4
LF:18
LH:16
BRDA:16,0,0,3
BRDA:16,0,1,168
BRDA:19,1,0,0
BRDA:19,1,1,3
BRDA:25,2,0,0
BRDA:25,2,1,3
BRDA:37,3,0,3
BRDA:37,3,1,0
BRF:8
BRH:5
end_of_record
TN:
SF:src\db\migrate.js
FN:13,runMigrations
FN:25,(anonymous_1)
FN:30,(anonymous_2)
FNF:3
FNH:2
FNDA:3,runMigrations
FNDA:0,(anonymous_1)
FNDA:6,(anonymous_2)
DA:3,3
DA:4,3
DA:5,3
DA:7,3
DA:14,3
DA:17,3
DA:24,3
DA:25,0
DA:28,3
DA:30,6
DA:33,3
DA:34,3
DA:35,3
DA:37,3
DA:38,3
DA:39,3
DA:40,3
DA:43,3
DA:46,3
LF:19
LH:18
BRDA:35,0,0,0
BRDA:35,0,1,3
BRF:2
BRH:1
end_of_record
TN:
SF:src\middleware\authenticate.js
FN:11,authenticate
FNF:1
FNH:1
FNDA:5,authenticate
DA:3,2
DA:12,5
DA:13,5
DA:14,5
DA:15,2
DA:18,3
DA:19,1
DA:20,1
DA:22,2
DA:26,2
LF:10
LH:10
BRDA:14,0,0,2
BRDA:14,0,1,3
BRF:2
BRH:2
end_of_record
TN:
SF:src\middleware\errorHandler.js
FN:13,errorHandler
FNF:1
FNH:1
FNDA:13,errorHandler
DA:14,13
DA:15,0
DA:19,13
DA:20,1
DA:24,12
DA:25,1
DA:28,11
DA:30,11
DA:34,11
DA:37,2
LF:10
LH:9
BRDA:14,0,0,0
BRDA:14,0,1,13
BRDA:19,1,0,1
BRDA:19,1,1,12
BRDA:24,2,0,1
BRDA:24,2,1,11
BRDA:28,3,0,10
BRDA:28,3,1,1
BRDA:30,4,0,10
BRDA:30,4,1,1
BRF:10
BRH:9
end_of_record
TN:
SF:src\middleware\requireRole.js
FN:10,requireRole
FN:11,roleGuard
FNF:2
FNH:2
FNDA:4,requireRole
FNDA:4,roleGuard
DA:11,4
DA:12,4
DA:13,1
DA:15,3
DA:16,1
DA:18,2
DA:22,1
LF:7
LH:7
BRDA:12,0,0,1
BRDA:12,0,1,3
BRDA:15,1,0,1
BRDA:15,1,1,2
BRF:4
BRH:4
end_of_record
TN:
SF:src\repositories\userRepository.js
FN:10,findByEmail
FN:19,findById
FN:30,createUser
FNF:3
FNH:3
FNDA:44,findByEmail
FNDA:37,findById
FNDA:35,createUser
DA:3,4
DA:11,44
DA:20,37
DA:31,35
DA:32,35
DA:35,35
DA:36,34
DA:39,4
LF:8
LH:8
BRDA:30,0,0,33
BRF:1
BRH:1
end_of_record
TN:
SF:src\routes\auth.js
FN:21,(anonymous_0)
FN:36,(anonymous_1)
FN:51,(anonymous_2)
FN:60,(anonymous_3)
FNF:4
FNH:4
FNDA:15,(anonymous_0)
FNDA:5,(anonymous_1)
FNDA:3,(anonymous_2)
FNDA:1,(anonymous_3)
DA:3,2
DA:4,2
DA:5,2
DA:6,2
DA:8,2
DA:10,2
DA:21,2
DA:22,15
DA:23,15
DA:24,15
DA:25,10
DA:26,10
DA:28,5
DA:36,2
DA:37,5
DA:38,5
DA:39,5
DA:40,1
DA:41,1
DA:43,4
DA:51,2
DA:52,3
DA:53,3
DA:60,2
DA:61,1
DA:62,1
DA:63,0
DA:65,1
DA:68,2
LF:29
LH:28
BRDA:62,0,0,0
BRDA:62,0,1,1
BRF:2
BRH:1
end_of_record
TN:
SF:src\services\authService.js
FN:18,register
FN:46,login
FNF:2
FNH:2
FNDA:37,register
FNDA:15,login
DA:3,3
DA:4,3
DA:5,3
DA:7,3
DA:8,3
DA:19,37
DA:20,5
DA:22,32
DA:23,4
DA:26,28
DA:27,28
DA:28,3
DA:31,25
DA:32,25
DA:33,25
DA:35,25
DA:47,15
DA:48,4
DA:51,11
DA:52,11
DA:53,3
DA:56,8
DA:57,8
DA:58,3
DA:61,5
DA:63,5
DA:64,5
DA:67,3
LF:28
LH:28
BRDA:19,0,0,5
BRDA:19,0,1,32
BRDA:19,1,0,37
BRDA:19,1,1,35
BRDA:22,2,0,4
BRDA:22,2,1,28
BRDA:22,3,0,32
BRDA:22,3,1,30
BRDA:27,4,0,3
BRDA:27,4,1,25
BRDA:47,5,0,4
BRDA:47,5,1,11
BRDA:47,6,0,15
BRDA:47,6,1,13
BRDA:52,7,0,3
BRDA:52,7,1,8
BRDA:57,8,0,3
BRDA:57,8,1,5
BRF:18
BRH:18
end_of_record
TN:
SF:src\utils\jwt.js
FN:13,signToken
FN:23,verifyToken
FNF:2
FNH:2
FNDA:33,signToken
FNDA:6,verifyToken
DA:3,3
DA:4,3
DA:6,3
DA:14,33
DA:24,6
DA:27,3
LF:6
LH:6
BRF:0
BRH:0
end_of_record
